Performing C SOURCE FILE Test CMAKE_HAVE_LIBC_PTHREAD failed with the following output:
Change Dir: /home/tmw/CLionProjects/CG/Code/C++/Assignment 3/cmake-build-debug/CMakeFiles/CMakeTmp

Run Build Command(s):/usr/bin/gmake cmTC_d79d1/fast && /usr/bin/gmake  -f CMakeFiles/cmTC_d79d1.dir/build.make CMakeFiles/cmTC_d79d1.dir/build
gmake[1]: Entering directory '/home/tmw/CLionProjects/CG/Code/C++/Assignment 3/cmake-build-debug/CMakeFiles/CMakeTmp'
Building C object CMakeFiles/cmTC_d79d1.dir/src.c.o
/usr/bin/cc   -DCMAKE_HAVE_LIBC_PTHREAD   -o CMakeFiles/cmTC_d79d1.dir/src.c.o   -c "/home/tmw/CLionProjects/CG/Code/C++/Assignment 3/cmake-build-debug/CMakeFiles/CMakeTmp/src.c"
Linking C executable cmTC_d79d1
/home/tmw/.local/share/JetBrains/Toolbox/apps/CLion/ch-0/202.7319.72/bin/cmake/linux/bin/cmake -E cmake_link_script CMakeFiles/cmTC_d79d1.dir/link.txt --verbose=1
/usr/bin/cc  -DCMAKE_HAVE_LIBC_PTHREAD    -rdynamic CMakeFiles/cmTC_d79d1.dir/src.c.o  -o cmTC_d79d1 
/usr/bin/ld: CMakeFiles/cmTC_d79d1.dir/src.c.o: in function `main':
src.c:(.text+0x2d): undefined reference to `pthread_create'
/usr/bin/ld: src.c:(.text+0x39): undefined reference to `pthread_detach'
/usr/bin/ld: src.c:(.text+0x45): undefined reference to `pthread_cancel'
/usr/bin/ld: src.c:(.text+0x56): undefined reference to `pthread_join'
collect2: error: ld returned 1 exit status
gmake[1]: *** [CMakeFiles/cmTC_d79d1.dir/build.make:107: cmTC_d79d1] Error 1
gmake[1]: Leaving directory '/home/tmw/CLionProjects/CG/Code/C++/Assignment 3/cmake-build-debug/CMakeFiles/CMakeTmp'
gmake: *** [Makefile:141: cmTC_d79d1/fast] Error 2


Source file was:
#include <pthread.h>

void* test_func(void* data)
{
  return data;
}

int main(void)
{
  pthread_t thread;
  pthread_create(&thread, NULL, test_func, NULL);
  pthread_detach(thread);
  pthread_cancel(thread);
  pthread_join(thread, NULL);
  pthread_atfork(NULL, NULL, NULL);
  pthread_exit(NULL);

  return 0;
}

Determining if the function pthread_create exists in the pthreads failed with the following output:
Change Dir: /home/tmw/CLionProjects/CG/Code/C++/Assignment 3/cmake-build-debug/CMakeFiles/CMakeTmp

Run Build Command(s):/usr/bin/gmake cmTC_4139e/fast && /usr/bin/gmake  -f CMakeFiles/cmTC_4139e.dir/build.make CMakeFiles/cmTC_4139e.dir/build
gmake[1]: Entering directory '/home/tmw/CLionProjects/CG/Code/C++/Assignment 3/cmake-build-debug/CMakeFiles/CMakeTmp'
Building C object CMakeFiles/cmTC_4139e.dir/CheckFunctionExists.c.o
/usr/bin/cc   -DCHECK_FUNCTION_EXISTS=pthread_create   -o CMakeFiles/cmTC_4139e.dir/CheckFunctionExists.c.o   -c /home/tmw/.local/share/JetBrains/Toolbox/apps/CLion/ch-0/202.7319.72/bin/cmake/linux/share/cmake-3.17/Modules/CheckFunctionExists.c
Linking C executable cmTC_4139e
/home/tmw/.local/share/JetBrains/Toolbox/apps/CLion/ch-0/202.7319.72/bin/cmake/linux/bin/cmake -E cmake_link_script CMakeFiles/cmTC_4139e.dir/link.txt --verbose=1
/usr/bin/cc  -DCHECK_FUNCTION_EXISTS=pthread_create    -rdynamic CMakeFiles/cmTC_4139e.dir/CheckFunctionExists.c.o  -o cmTC_4139e  -lpthreads 
/usr/bin/ld: cannot find -lpthreads
collect2: error: ld returned 1 exit status
gmake[1]: *** [CMakeFiles/cmTC_4139e.dir/build.make:107: cmTC_4139e] Error 1
gmake[1]: Leaving directory '/home/tmw/CLionProjects/CG/Code/C++/Assignment 3/cmake-build-debug/CMakeFiles/CMakeTmp'
gmake: *** [Makefile:141: cmTC_4139e/fast] Error 2



Performing C++ SOURCE FILE Test filesystem_cppfs_needed failed with the following output:
Change Dir: /home/tmw/CLionProjects/CG/Code/C++/Assignment 3/cmake-build-debug/CMakeFiles/CMakeTmp

Run Build Command(s):/usr/bin/gmake cmTC_72874/fast && /usr/bin/gmake  -f CMakeFiles/cmTC_72874.dir/build.make CMakeFiles/cmTC_72874.dir/build
gmake[1]: Entering directory '/home/tmw/CLionProjects/CG/Code/C++/Assignment 3/cmake-build-debug/CMakeFiles/CMakeTmp'
Building CXX object CMakeFiles/cmTC_72874.dir/src.cxx.o
/usr/bin/c++    -Dfilesystem_cppfs_needed   -std=gnu++17 -o CMakeFiles/cmTC_72874.dir/src.cxx.o -c "/home/tmw/CLionProjects/CG/Code/C++/Assignment 3/cmake-build-debug/CMakeFiles/CMakeTmp/src.cxx"
Linking CXX executable cmTC_72874
/home/tmw/.local/share/JetBrains/Toolbox/apps/CLion/ch-0/202.7319.72/bin/cmake/linux/bin/cmake -E cmake_link_script CMakeFiles/cmTC_72874.dir/link.txt --verbose=1
/usr/bin/c++   -Dfilesystem_cppfs_needed    CMakeFiles/cmTC_72874.dir/src.cxx.o  -o cmTC_72874  -lc++fs 
/usr/bin/ld: cannot find -lc++fs
collect2: error: ld returned 1 exit status
gmake[1]: *** [CMakeFiles/cmTC_72874.dir/build.make:107: cmTC_72874] Error 1
gmake[1]: Leaving directory '/home/tmw/CLionProjects/CG/Code/C++/Assignment 3/cmake-build-debug/CMakeFiles/CMakeTmp'
gmake: *** [Makefile:141: cmTC_72874/fast] Error 2


Source file was:
        #include <filesystem>
        int main() {
            auto cwd = std::filesystem::current_path();
            return cwd.string().size();
        }
        
